<?xml version="1.0" encoding="utf-8"?><testsuites name="pytest tests"><testsuite name="pytest" errors="0" failures="0" skipped="0" tests="30" time="4.260" timestamp="2026-09-03T15:36:55.226074+00:00" hostname="agent-env-876bda79-af15-4fec-8e87-55b73a758bbf"><testcase classname="tests.test_flashcarx_api.TestAuth" name="test_register_duplicate_email" time="0.628" /><testcase classname="tests.test_flashcarx_api.TestAuth" name="test_register_duplicate_username" time="0.080" /><testcase classname="tests.test_flashcarx_api.TestAuth" name="test_login_valid" time="0.306" /><testcase classname="tests.test_flashcarx_api.TestAuth" name="test_login_invalid" time="0.299" /><testcase classname="tests.test_flashcarx_api.TestAuth" name="test_me_with_token" time="0.078" /><testcase classname="tests.test_flashcarx_api.TestAuth" name="test_me_without_token" time="0.084" /><testcase classname="tests.test_flashcarx_api.TestAuth" name="test_update_me_settings" time="0.081" /><testcase classname="tests.test_flashcarx_api.TestWashes" name="test_create_wash" time="0.084" /><testcase classname="tests.test_flashcarx_api.TestWashes" name="test_create_wash_custom_pct" time="0.096" /><testcase classname="tests.test_flashcarx_api.TestWashes" name="test_list_washes" time="0.096" /><testcase classname="tests.test_flashcarx_api.TestWashes" name="test_update_wash" time="0.095" /><testcase classname="tests.test_flashcarx_api.TestWashes" name="test_delete_wash" time="0.183" /><testcase classname="tests.test_flashcarx_api.TestStats" name="test_dashboard" time="0.106" /><testcase classname="tests.test_flashcarx_api.TestStats" name="test_analytics" time="0.081" /><testcase classname="tests.test_flashcarx_api.TestFriends" name="test_search_min_chars" time="0.080" /><testcase classname="tests.test_flashcarx_api.TestFriends" name="test_search_finds_user2" time="0.402" /><testcase classname="tests.test_flashcarx_api.TestFriends" name="test_self_friend_request_rejected" time="0.103" /><testcase classname="tests.test_flashcarx_api.TestFriends" name="test_send_friend_request" time="0.091" /><testcase classname="tests.test_flashcarx_api.TestFriends" name="test_duplicate_friend_request" time="0.086" /><testcase classname="tests.test_flashcarx_api.TestFriends" name="test_list_requests_incoming" time="0.085" /><testcase classname="tests.test_flashcarx_api.TestFriends" name="test_search_status_sent" time="0.094" /><testcase classname="tests.test_flashcarx_api.TestFriends" name="test_accept_friend" time="0.125" /><testcase classname="tests.test_flashcarx_api.TestFriends" name="test_list_friends" time="0.082" /><testcase classname="tests.test_flashcarx_api.TestFriends" name="test_reject_flow" time="0.083" /><testcase classname="tests.test_flashcarx_api.TestRanking" name="test_ranking_daily_earnings" time="0.170" /><testcase classname="tests.test_flashcarx_api.TestRanking" name="test_ranking_weekly_revenue" time="0.082" /><testcase classname="tests.test_flashcarx_api.TestRanking" name="test_ranking_monthly_washes" time="0.082" /><testcase classname="tests.test_flashcarx_api.TestAchievementsFeed" name="test_achievements" time="0.089" /><testcase classname="tests.test_flashcarx_api.TestAchievementsFeed" name="test_feed" time="0.082" /><testcase classname="tests.test_flashcarx_api.TestZCleanup" name="test_remove_friend" time="0.159" /></testsuite></testsuites>